  RozpoznawanieObrazu.cpp
d:\0wikamp\9sem\rozpoznwanie obrazu\rozpoznawanieobrazu\rozpoznawanieobrazuz1\rozpoznawanieobrazu\mnist/mnist_reader.hpp(132): warning C4267: "=": konwersja z "size_t" do "uint32_t", możliwa utrata danych
  d:\0wikamp\9sem\rozpoznwanie obrazu\rozpoznawanieobrazu\rozpoznawanieobrazuz1\rozpoznawanieobrazu\mnist/mnist_reader.hpp(259): note: zobacz odwołanie do funkcji szablon; wystąpienie „void mnist::read_mnist_image_file<Container,Image,Functor>(std::vector<Image,std::allocator<_Ty>> &,const std::string &,::size_t,Functor)” jest kompilowane
          with
          [
              Container=std::vector,
              Image=std::vector<uint8_t,std::allocator<uint8_t>>,
              Functor=mnist::read_dataset_direct::<lambda_76e89cf4b78b621b2415b4e21a336540>,
              _Ty=std::vector<uint8_t,std::allocator<uint8_t>>
          ]
  d:\0wikamp\9sem\rozpoznwanie obrazu\rozpoznawanieobrazu\rozpoznawanieobrazuz1\rozpoznawanieobrazu\mnist/mnist_reader.hpp(356): note: zobacz odwołanie do funkcji szablon; wystąpienie „std::vector<Image,std::allocator<_Ty>> mnist::read_training_images<Container,Image,mnist::read_dataset_direct::<lambda_76e89cf4b78b621b2415b4e21a336540>>(const std::string &,::size_t,Functor)” jest kompilowane
          with
          [
              Image=std::vector<uint8_t,std::allocator<uint8_t>>,
              _Ty=std::vector<uint8_t,std::allocator<uint8_t>>,
              Container=std::vector,
              Functor=mnist::read_dataset_direct::<lambda_76e89cf4b78b621b2415b4e21a336540>
          ]
  d:\0wikamp\9sem\rozpoznwanie obrazu\rozpoznawanieobrazu\rozpoznawanieobrazuz1\rozpoznawanieobrazu\mnist/mnist_reader.hpp(402): note: zobacz odwołanie do funkcji szablon; wystąpienie „mnist::MNIST_dataset<std::vector,std::vector<uint8_t,std::allocator<_Ty>>,uint8_t> mnist::read_dataset_direct<Container,std::vector<_Ty,std::allocator<_Ty>>,uint8_t>(const std::string &,::size_t,::size_t)” jest kompilowane
          with
          [
              _Ty=uint8_t,
              Container=std::vector
          ]
  RozpoznawanieObrazu.cpp(15): note: zobacz odwołanie do funkcji szablon; wystąpienie „mnist::MNIST_dataset<std::vector,std::vector<uint8_t,std::allocator<_Ty>>,uint8_t> mnist::read_dataset<std::vector,std::vector,uint8_t,uint8_t>(const std::string &,::size_t,::size_t)” jest kompilowane
          with
          [
              _Ty=uint8_t
          ]
d:\0wikamp\9sem\rozpoznwanie obrazu\rozpoznawanieobrazu\rozpoznawanieobrazuz1\rozpoznawanieobrazu\mnist/mnist_reader.hpp(167): warning C4267: "=": konwersja z "size_t" do "uint32_t", możliwa utrata danych
  d:\0wikamp\9sem\rozpoznwanie obrazu\rozpoznawanieobrazu\rozpoznawanieobrazuz1\rozpoznawanieobrazu\mnist/mnist_reader.hpp(290): note: zobacz odwołanie do funkcji szablon; wystąpienie „void mnist::read_mnist_label_file<Container,Label>(std::vector<uint8_t,std::allocator<_Ty>> &,const std::string &,::size_t)” jest kompilowane
          with
          [
              Container=std::vector,
              Label=uint8_t,
              _Ty=uint8_t
          ]
  d:\0wikamp\9sem\rozpoznwanie obrazu\rozpoznawanieobrazu\rozpoznawanieobrazuz1\rozpoznawanieobrazu\mnist/mnist_reader.hpp(357): note: zobacz odwołanie do funkcji szablon; wystąpienie „std::vector<uint8_t,std::allocator<_Ty>> mnist::read_training_labels<Container,Label>(const std::string &,::size_t)” jest kompilowane
          with
          [
              _Ty=uint8_t,
              Container=std::vector,
              Label=uint8_t
          ]
  Trwa generowanie kodu
  1 of 348 functions ( 0.3%) were compiled, the rest were copied from previous compilation.
    0 functions were new in current compilation
    0 functions had inline decision re-evaluated but remain unchanged
  Zakończono generowanie kodu
  RozpoznawanieObrazu.vcxproj -> D:\0WIKAMP\9SEM\Rozpoznwanie Obrazu\RozpoznawanieObrazu\RozpoznawanieObrazuZ1\RozpoznawanieObrazu\x64\Release\RozpoznawanieObrazu.exe
